[2025-11-14 14:25:05] [INFO] === Начало проверки диска ===
[2025-11-14 14:25:05] [INFO] Раздел /: 30% использовано, 156G свободно из 233G
[2025-11-14 14:25:05] [CRITICAL] КРИТИЧЕСКИЙ УРОВЕНЬ! Раздел / заполнен на 30%
[2025-11-14 14:25:06] [INFO] Запуск автоматической очистки...
[2025-11-14 14:46:26] [INFO] === Начало проверки диска ===
[2025-11-14 14:46:27] [INFO] Раздел /: 30% использовано, 156G свободно из 233G
[2025-11-14 14:46:27] [CRITICAL] КРИТИЧЕСКИЙ УРОВЕНЬ! Раздел / заполнен на 30%
[2025-11-14 14:46:27] [INFO] Раздел не смонтирован: /home
[2025-11-14 14:46:27] [INFO] Раздел не смонтирован: /var
[2025-11-14 14:46:27] [INFO] Запуск автоматической очистки...
[2025-11-14 14:46:27] [INFO] Очистка завершена
[2025-11-14 14:46:27] [WARNING] Обнаружены проблемы с местом на диске
[2025-11-14 14:46:27] [INFO] === Завершение проверки диска ===
[2025-11-14 14:46:43] [INFO] === Начало проверки диска ===
[2025-11-14 14:46:43] [INFO] Раздел /: 30% использовано, 156G свободно из 233G
[2025-11-14 14:46:43] [CRITICAL] КРИТИЧЕСКИЙ УРОВЕНЬ! Раздел / заполнен на 30%
[2025-11-14 14:46:43] [INFO] Раздел не смонтирован: /home
[2025-11-14 14:46:43] [INFO] Раздел не смонтирован: /var
[2025-11-14 14:46:43] [INFO] Запуск автоматической очистки...
[2025-11-14 14:46:43] [INFO] Очистка завершена
[2025-11-14 14:46:43] [WARNING] Обнаружены проблемы с местом на диске
[2025-11-14 14:46:43] [INFO] === Завершение проверки диска ===
[2025-11-14 14:53:55] [INFO] === Начало проверки диска ===
[2025-11-14 14:53:55] [INFO] Проверка разделов: / /home /var
[2025-11-14 14:53:55] [INFO] Раздел /: 30% использовано, 156G свободно (70% свободно) из 233G
[2025-11-14 14:53:55] [INFO] ✅ Раздел / в норме (30% использовано)
[2025-11-14 14:53:55] [INFO] Раздел не смонтирован или недоступен: /home
[2025-11-14 14:53:55] [INFO] Раздел не смонтирован или недоступен: /var
[2025-11-14 14:53:55] [SUCCESS] ✅ Места на дисках достаточно (использовано <70%)
[2025-11-14 14:53:55] [SUCCESS] ✅ Проверка диска завершена успешно
[2025-11-14 14:53:55] [INFO] === Завершение проверки диска ===
[2025-11-14 15:01:38] [INFO] === Начало проверки диска ===
[2025-11-14 15:01:38] [INFO] Проверка разделов: / /home /var
[2025-11-14 15:01:38] [INFO] Раздел /: 30% использовано, 156G свободно (70% свободно) из 233G
[2025-11-14 15:01:38] [INFO] ✅ Раздел / в норме (30% использовано)
[2025-11-14 15:01:38] [INFO] Раздел не смонтирован или недоступен: /home
[2025-11-14 15:01:38] [INFO] Раздел не смонтирован или недоступен: /var
[2025-11-14 15:01:38] [SUCCESS] ✅ Места на дисках достаточно (использовано <70%)
[2025-11-14 15:01:38] [SUCCESS] ✅ Проверка диска завершена успешно
[2025-11-14 15:01:38] [INFO] === Завершение проверки диска ===
[2025-11-14 15:09:14] [INFO] === Начало проверки диска ===
[2025-11-14 15:09:14] [INFO] Проверка разделов: / /home /var
[2025-11-14 15:09:14] [INFO] Раздел /: 30% использовано, 156G свободно (70% свободно) из 233G
[2025-11-14 15:09:14] [INFO] ✅ Раздел / в норме (30% использовано)
[2025-11-14 15:09:14] [INFO] Раздел не смонтирован или недоступен: /home
[2025-11-14 15:09:14] [INFO] Раздел не смонтирован или недоступен: /var
[2025-11-14 15:09:14] [SUCCESS] ✅ Места на дисках достаточно (использовано <70%)
[2025-11-14 15:09:14] [SUCCESS] ✅ Проверка диска завершена успешно
[2025-11-14 15:09:14] [INFO] === Завершение проверки диска ===
[2025-11-14 15:12:55] [INFO] === Начало проверки диска ===
[2025-11-14 15:12:55] [INFO] Проверка разделов: / /home /var
[2025-11-14 15:12:55] [INFO] Раздел /: 30% использовано, 156G свободно (70% свободно) из 233G
[2025-11-14 15:12:55] [INFO] ✅ Раздел / в норме (30% использовано)
[2025-11-14 15:12:55] [INFO] Раздел не смонтирован или недоступен: /home
[2025-11-14 15:12:55] [INFO] Раздел не смонтирован или недоступен: /var
[2025-11-14 15:12:55] [SUCCESS] ✅ Места на дисках достаточно (использовано <70%)
[2025-11-14 15:12:55] [SUCCESS] ✅ Проверка диска завершена успешно
[2025-11-14 15:12:55] [INFO] === Завершение проверки диска ===
[2025-11-14 15:13:27] [INFO] === Начало проверки диска ===
[2025-11-14 15:13:27] [INFO] Проверка разделов: / /home /var
[2025-11-14 15:13:27] [INFO] Раздел /: 30% использовано, 156G свободно (70% свободно) из 233G
[2025-11-14 15:13:27] [INFO] ✅ Раздел / в норме (30% использовано)
[2025-11-14 15:13:27] [INFO] Раздел не смонтирован или недоступен: /home
[2025-11-14 15:13:27] [INFO] Раздел не смонтирован или недоступен: /var
[2025-11-14 15:13:27] [SUCCESS] ✅ Места на дисках достаточно (использовано <70%)
[2025-11-14 15:13:27] [SUCCESS] ✅ Проверка диска завершена успешно
[2025-11-14 15:13:27] [INFO] === Завершение проверки диска ===
[2025-11-14 15:14:12] [INFO] === Начало проверки диска ===
[2025-11-14 15:14:12] [INFO] Проверка разделов: / /home /var
[2025-11-14 15:14:12] [INFO] Раздел /: 30% использовано, 156G свободно (70% свободно) из 233G
[2025-11-14 15:14:12] [INFO] ✅ Раздел / в норме (30% использовано)
[2025-11-14 15:14:12] [INFO] Раздел не смонтирован или недоступен: /home
[2025-11-14 15:14:12] [INFO] Раздел не смонтирован или недоступен: /var
[2025-11-14 15:14:12] [SUCCESS] ✅ Места на дисках достаточно (использовано <70%)
[2025-11-14 15:14:12] [SUCCESS] ✅ Проверка диска завершена успешно
[2025-11-14 15:14:12] [INFO] === Завершение проверки диска ===
[2025-11-14 15:17:47] [INFO] === Начало проверки диска ===
[2025-11-14 15:17:47] [INFO] Проверка разделов: / /home /var
[2025-11-14 15:17:47] [INFO] Раздел /: 30% использовано, 156G свободно (70% свободно) из 233G
[2025-11-14 15:17:47] [INFO] ✅ Раздел / в норме (30% использовано)
[2025-11-14 15:17:47] [INFO] Раздел не смонтирован или недоступен: /home
[2025-11-14 15:17:47] [INFO] Раздел не смонтирован или недоступен: /var
[2025-11-14 15:17:47] [SUCCESS] ✅ Места на дисках достаточно (использовано <70%)
[2025-11-14 15:17:47] [SUCCESS] ✅ Проверка диска завершена успешно
[2025-11-14 15:17:47] [INFO] === Завершение проверки диска ===
[2025-11-14 15:31:11] [INFO] === Начало проверки диска ===
[2025-11-14 15:31:11] [INFO] Проверка разделов: / /home /var
[2025-11-14 15:31:11] [INFO] Раздел /: 30% использовано, 156G свободно (70% свободно) из 233G
[2025-11-14 15:31:11] [INFO] ✅ Раздел / в норме (30% использовано)
[2025-11-14 15:31:11] [INFO] Раздел не смонтирован или недоступен: /home
[2025-11-14 15:31:11] [INFO] Раздел не смонтирован или недоступен: /var
[2025-11-14 15:31:11] [SUCCESS] ✅ Места на дисках достаточно (использовано <70%)
[2025-11-14 15:31:11] [SUCCESS] ✅ Проверка диска завершена успешно
[2025-11-14 15:31:11] [INFO] === Завершение проверки диска ===
[2025-11-14 19:34:09] [INFO] === Начало проверки диска ===
[2025-11-14 19:34:09] [INFO] Проверка разделов: / /home /var
[2025-11-14 19:34:09] [INFO] Раздел /: 30% использовано, 156G свободно (70% свободно) из 233G
[2025-11-14 19:34:09] [INFO] ✅ Раздел / в норме (30% использовано)
[2025-11-14 19:34:09] [INFO] Раздел не смонтирован или недоступен: /home
[2025-11-14 19:34:09] [INFO] Раздел не смонтирован или недоступен: /var
[2025-11-14 19:34:09] [SUCCESS] ✅ Места на дисках достаточно (использовано <70%)
[2025-11-14 19:34:09] [SUCCESS] ✅ Проверка диска завершена успешно
[2025-11-14 19:34:09] [INFO] === Завершение проверки диска ===
[2025-11-14 19:49:25] [INFO] === Начало проверки диска ===
[2025-11-14 19:49:25] [INFO] Проверка разделов: / /home /var
[2025-11-14 19:49:25] [INFO] Раздел /: 30% использовано, 156G свободно (70% свободно) из 233G
[2025-11-14 19:49:25] [INFO] ✅ Раздел / в норме (30% использовано)
[2025-11-14 19:49:25] [INFO] Раздел не смонтирован или недоступен: /home
[2025-11-14 19:49:25] [INFO] Раздел не смонтирован или недоступен: /var
[2025-11-14 19:49:25] [SUCCESS] ✅ Места на дисках достаточно (использовано <70%)
[2025-11-14 19:49:25] [SUCCESS] ✅ Проверка диска завершена успешно
[2025-11-14 19:49:25] [INFO] === Завершение проверки диска ===
