[2025-11-14 14:25:06] [INFO] === Начало очистки диска ===
[2025-11-14 14:25:06] [INFO] Поиск старых проектов для резервного копирования...
[2025-11-14 14:25:06] [INFO] Резервное копирование проекта:  (не использовался  дней)
[2025-11-14 14:25:07] [SUCCESS] ✅ Проект закоммичен и запушен: 
[2025-11-14 14:25:07] [INFO] Очистка временных файлов...
[2025-11-14 14:46:27] [INFO] === Начало очистки диска ===
[2025-11-14 14:46:27] [INFO] Поиск старых проектов для резервного копирования...
[2025-11-14 14:46:27] [INFO] Заархивировано проектов: 0/1
[2025-11-14 14:46:27] [INFO] Очистка временных файлов...
[2025-11-14 14:46:27] [SUCCESS] Очистка временных файлов завершена
[2025-11-14 14:46:27] [INFO] 🔍 Обнаружены старые проекты. Рекомендуется проверить:
[2025-11-14 14:46:27] [INFO] 💡 Все проекты были заархивированы в Git. Вы можете безопасно удалить ненужные.
[2025-11-14 14:46:27] [INFO] === Завершение очистки диска ===
[2025-11-14 14:46:43] [INFO] === Начало очистки диска ===
[2025-11-14 14:46:43] [INFO] Поиск старых проектов для резервного копирования...
[2025-11-14 14:46:43] [INFO] Заархивировано проектов: 0/1
[2025-11-14 14:46:43] [INFO] Очистка временных файлов...
[2025-11-14 14:46:43] [SUCCESS] Очистка временных файлов завершена
[2025-11-14 14:46:43] [INFO] 🔍 Обнаружены старые проекты. Рекомендуется проверить:
[2025-11-14 14:46:43] [INFO] 💡 Все проекты были заархивированы в Git. Вы можете безопасно удалить ненужные.
[2025-11-14 14:46:43] [INFO] === Завершение очистки диска ===
