[2025-11-14 14:25:05] [START] Запуск системного демона
[2025-11-14 14:25:05] [INFO] Запуск disk_check...
[2025-11-14 14:25:07] [ERROR] disk_check завершился с ошибкой: 100
[2025-11-14 14:46:26] [START] Запуск системного демона
[2025-11-14 14:46:26] [INFO] Запуск disk_check...
[2025-11-14 14:46:27] [SUCCESS] disk_check завершен успешно
[2025-11-14 14:46:27] [INFO] Запуск git_check...
[2025-11-14 14:46:27] [ERROR] git_check завершился с ошибкой: 1
[2025-11-14 14:46:43] [START] Запуск системного демона
[2025-11-14 14:46:43] [INFO] Запуск disk_check...
[2025-11-14 14:46:43] [SUCCESS] disk_check завершен успешно
[2025-11-14 14:46:43] [INFO] Запуск git_check...
[2025-11-14 14:46:44] [ERROR] git_check завершился с ошибкой: 1
[2025-11-14 14:53:55] [START] Запуск системного демона
[2025-11-14 14:53:55] [INFO] Запуск disk_check...
[2025-11-14 14:53:55] [SUCCESS] disk_check завершен успешно
[2025-11-14 14:53:55] [INFO] Запуск git_check...
[2025-11-14 14:53:56] [WARNING] git_check завершился с ошибкой: 1
[2025-11-14 14:53:56] [INFO] Запуск break_reminder...
[2025-11-14 14:53:56] [SUCCESS] break_reminder завершен успешно
[2025-11-14 14:53:56] [INFO] Запуск network_check...
[2025-11-14 14:53:56] [WARNING] network_check завершился с ошибкой: 1
[2025-11-14 15:01:38] [SUCCESS] Демон успешно запущен (PID: 255476)
[2025-11-14 15:01:38] [START] Запуск системного демона (PID: 255476)
[2025-11-14 15:01:38] [INFO] Интервалы: диск=86400, git=7200, перерывы=3600, сеть=300
[2025-11-14 15:01:38] [INFO] Запуск disk_check...
[2025-11-14 15:01:38] [SUCCESS] disk_check завершен успешно
[2025-11-14 15:01:38] [INFO] Запуск git_check...
[2025-11-14 15:01:38] [WARNING] git_check завершился с кодом: 1
[2025-11-14 15:01:38] [INFO] Запуск break_reminder...
[2025-11-14 15:01:38] [SUCCESS] break_reminder завершен успешно
[2025-11-14 15:01:38] [INFO] Запуск network_check...
[2025-11-14 15:01:38] [WARNING] network_check завершился с кодом: 1
[2025-11-14 15:09:14] [SUCCESS] Демон успешно запущен (PID: 258796)
[2025-11-14 15:09:14] [START] Запуск системного демона (PID: 258796)
[2025-11-14 15:09:14] [INFO] Интервалы: диск=86400, git=7200, перерывы=3600, сеть=300
[2025-11-14 15:09:14] [INFO] Запуск disk_check...
[2025-11-14 15:09:14] [SUCCESS] disk_check завершен успешно
[2025-11-14 15:09:14] [INFO] Запуск git_check...
[2025-11-14 15:09:15] [WARNING] git_check завершился с кодом: 1
[2025-11-14 15:09:15] [INFO] Запуск break_reminder...
[2025-11-14 15:09:15] [SUCCESS] break_reminder завершен успешно
[2025-11-14 15:09:15] [INFO] Запуск network_check...
[2025-11-14 15:09:15] [WARNING] network_check завершился с кодом: 1
[2025-11-14 15:12:54] [SUCCESS] Демон успешно запущен (PID: 260059)
[2025-11-14 15:12:54] [START] Запуск системного демона (PID: 260059)
[2025-11-14 15:12:54] [INFO] Интервалы: диск=86400, git=7200, перерывы=3600, сеть=300
[2025-11-14 15:12:55] [INFO] Запуск disk_check...
[2025-11-14 15:12:55] [SUCCESS] disk_check завершен успешно
[2025-11-14 15:12:55] [INFO] Запуск git_check...
[2025-11-14 15:12:55] [SUCCESS] git_check завершен успешно
[2025-11-14 15:12:55] [INFO] Запуск break_reminder...
[2025-11-14 15:12:55] [SUCCESS] break_reminder завершен успешно
[2025-11-14 15:12:55] [INFO] Запуск network_check...
[2025-11-14 15:12:55] [WARNING] network_check завершился с кодом: 1
[2025-11-14 15:13:27] [SUCCESS] Демон успешно запущен (PID: 260462)
[2025-11-14 15:13:27] [START] Запуск системного демона (PID: 260462)
[2025-11-14 15:13:27] [INFO] Интервалы: диск=86400, git=7200, перерывы=3600, сеть=300
[2025-11-14 15:13:27] [INFO] Запуск disk_check...
[2025-11-14 15:13:27] [SUCCESS] disk_check завершен успешно
[2025-11-14 15:13:27] [INFO] Запуск git_check...
[2025-11-14 15:13:27] [SUCCESS] git_check завершен успешно
[2025-11-14 15:13:27] [INFO] Запуск break_reminder...
[2025-11-14 15:13:27] [SUCCESS] break_reminder завершен успешно
[2025-11-14 15:13:27] [INFO] Запуск network_check...
[2025-11-14 15:13:27] [WARNING] network_check завершился с кодом: 1
[2025-11-14 15:14:12] [SUCCESS] Демон успешно запущен (PID: 261001)
[2025-11-14 15:14:12] [START] Запуск системного демона (PID: 261001)
[2025-11-14 15:14:12] [INFO] Интервалы: диск=86400, git=7200, перерывы=3600, сеть=300
[2025-11-14 15:14:12] [INFO] Запуск disk_check...
[2025-11-14 15:14:12] [SUCCESS] disk_check завершен успешно
[2025-11-14 15:14:12] [INFO] Запуск git_check...
[2025-11-14 15:14:12] [SUCCESS] git_check завершен успешно
[2025-11-14 15:14:12] [INFO] Запуск break_reminder...
[2025-11-14 15:14:13] [SUCCESS] break_reminder завершен успешно
[2025-11-14 15:14:13] [INFO] Запуск network_check...
[2025-11-14 15:14:13] [WARNING] network_check завершился с кодом: 1
[2025-11-14 15:17:47] [SUCCESS] Демон успешно запущен (PID: 262831)
[2025-11-14 15:17:47] [START] Запуск системного демона (PID: 262831)
[2025-11-14 15:17:47] [INFO] Интервалы: диск=86400, git=7200, перерывы=3600, сеть=300
[2025-11-14 15:17:47] [INFO] Запуск disk_check...
[2025-11-14 15:17:47] [SUCCESS] disk_check завершен успешно
[2025-11-14 15:17:47] [INFO] Запуск git_check...
[2025-11-14 15:17:47] [SUCCESS] git_check завершен успешно
[2025-11-14 15:17:47] [INFO] Запуск break_reminder...
[2025-11-14 15:17:47] [SUCCESS] break_reminder завершен успешно
[2025-11-14 15:17:47] [INFO] Запуск network_check...
[2025-11-14 15:17:51] [SUCCESS] network_check завершен успешно
[2025-11-14 15:22:51] [INFO] Запуск network_check...
[2025-11-14 15:22:55] [SUCCESS] network_check завершен успешно
[2025-11-14 15:27:55] [INFO] Запуск network_check...
[2025-11-14 15:27:58] [SUCCESS] network_check завершен успешно
[2025-11-14 15:31:11] [SUCCESS] Демон успешно запущен (PID: 989)
[2025-11-14 15:31:11] [START] Запуск системного демона (PID: 989)
[2025-11-14 15:31:11] [INFO] Интервалы: диск=86400, git=7200, перерывы=3600, сеть=300
[2025-11-14 15:31:11] [INFO] Запуск disk_check...
[2025-11-14 15:31:11] [SUCCESS] disk_check завершен успешно
[2025-11-14 15:31:11] [INFO] Запуск git_check...
[2025-11-14 15:31:11] [SUCCESS] git_check завершен успешно
[2025-11-14 15:31:11] [INFO] Запуск break_reminder...
[2025-11-14 15:31:11] [SUCCESS] break_reminder завершен успешно
[2025-11-14 15:31:11] [INFO] Запуск network_check...
[2025-11-14 15:31:15] [SUCCESS] network_check завершен успешно
[2025-11-14 19:10:18] [INFO] Запуск git_check...
[2025-11-14 19:10:18] [SUCCESS] git_check завершен успешно
[2025-11-14 19:10:18] [INFO] Запуск break_reminder...
[2025-11-14 19:10:18] [SUCCESS] break_reminder завершен успешно
[2025-11-14 19:10:18] [INFO] Запуск network_check...
[2025-11-14 19:10:22] [SUCCESS] network_check завершен успешно
[2025-11-14 19:15:22] [INFO] Запуск network_check...
[2025-11-14 19:15:25] [SUCCESS] network_check завершен успешно
[2025-11-14 19:20:25] [INFO] Запуск network_check...
[2025-11-14 19:20:29] [SUCCESS] network_check завершен успешно
[2025-11-14 19:25:29] [INFO] Запуск network_check...
[2025-11-14 19:25:35] [WARNING] network_check завершился с кодом: 2
[2025-11-14 19:30:35] [INFO] Запуск network_check...
[2025-11-14 19:30:42] [SUCCESS] network_check завершен успешно
[2025-11-14 19:33:51] [STOP] Остановка системного демона
[2025-11-14 19:34:09] [SUCCESS] Демон успешно запущен (PID: 953)
[2025-11-14 19:34:09] [START] Запуск системного демона (PID: 953)
[2025-11-14 19:34:09] [INFO] Интервалы: диск=86400, git=7200, перерывы=3600, сеть=300
[2025-11-14 19:34:09] [INFO] Запуск disk_check...
[2025-11-14 19:34:09] [SUCCESS] disk_check завершен успешно
[2025-11-14 19:34:09] [INFO] Запуск git_check...
[2025-11-14 19:34:09] [SUCCESS] git_check завершен успешно
[2025-11-14 19:34:09] [WARNING] Скрипт break_reminder не исполняемый, добавляем права...
[2025-11-14 19:34:09] [INFO] Запуск break_reminder...
[2025-11-14 19:35:08] [WARNING] break_reminder превысил время выполнения (60 сек)
[2025-11-14 19:35:08] [INFO] Запуск network_check...
[2025-11-14 19:35:15] [SUCCESS] network_check завершен успешно
[2025-11-14 19:39:15] [INFO] Запуск network_check...
[2025-11-14 19:39:22] [SUCCESS] network_check завершен успешно
[2025-11-14 19:44:22] [INFO] Запуск network_check...
[2025-11-14 19:44:28] [SUCCESS] network_check завершен успешно
[2025-11-14 19:49:11] [STOP] Остановка системного демона
[2025-11-14 19:49:25] [SUCCESS] Демон успешно запущен (PID: 992)
[2025-11-14 19:49:25] [START] Запуск системного демона (PID: 992)
[2025-11-14 19:49:25] [INFO] Интервалы: диск=86400, git=7200, перерывы=3600, сеть=300
[2025-11-14 19:49:25] [INFO] Запуск disk_check...
[2025-11-14 19:49:25] [SUCCESS] disk_check завершен успешно
[2025-11-14 19:49:25] [INFO] Запуск git_check...
[2025-11-14 19:49:25] [SUCCESS] git_check завершен успешно
[2025-11-14 19:49:25] [INFO] Запуск break_reminder...
[2025-11-14 19:50:26] [WARNING] break_reminder превысил время выполнения (60 сек)
[2025-11-14 19:50:26] [INFO] Запуск network_check...
[2025-11-14 19:50:34] [SUCCESS] network_check завершен успешно
[2025-11-14 19:54:34] [INFO] Запуск network_check...
[2025-11-14 19:54:40] [SUCCESS] network_check завершен успешно
